<?xml version="1.0" encoding="UTF-8"?>
<testng-results ignored="0" total="3" passed="3" failed="0" skipped="0">
  <reporter-output>
  </reporter-output>
  <suite started-at="2021-11-20T12:51:39 IST" name="Suite" finished-at="2021-11-20T12:51:39 IST" duration-ms="84">
    <groups>
    </groups>
    <test started-at="2021-11-20T12:51:39 IST" name="Test" finished-at="2021-11-20T12:51:39 IST" duration-ms="84">
      <class name="qaclickacademy.Mavenjava.AppTest">
        <test-method signature="shouldAnswerWithTrue()[pri:0, instance:qaclickacademy.Mavenjava.AppTest@79efed2d]" started-at="2021-11-20T12:51:39 IST" name="shouldAnswerWithTrue" finished-at="2021-11-20T12:51:39 IST" duration-ms="6" status="PASS">
          <reporter-output>
          </reporter-output>
        </test-method> <!-- shouldAnswerWithTrue -->
      </class> <!-- qaclickacademy.Mavenjava.AppTest -->
      <class name="qaclickacademy.Mavenjava.SeleniumTest">
        <test-method signature="BrowserAutomation()[pri:0, instance:qaclickacademy.Mavenjava.SeleniumTest@45b9a632]" started-at="2021-11-20T12:51:39 IST" name="BrowserAutomation" finished-at="2021-11-20T12:51:39 IST" duration-ms="0" status="PASS">
          <reporter-output>
          </reporter-output>
        </test-method> <!-- BrowserAutomation -->
        <test-method signature="elementsui()[pri:0, instance:qaclickacademy.Mavenjava.SeleniumTest@45b9a632]" started-at="2021-11-20T12:51:39 IST" name="elementsui" finished-at="2021-11-20T12:51:39 IST" duration-ms="1" status="PASS">
          <reporter-output>
          </reporter-output>
        </test-method> <!-- elementsui -->
      </class> <!-- qaclickacademy.Mavenjava.SeleniumTest -->
    </test> <!-- Test -->
  </suite> <!-- Suite -->
</testng-results>
